2025-05-20 19:30:47.245 | INFO     | src.app:<module>:31 - Initializing DataLoader...
2025-05-20 19:30:52.249 | INFO     | src.app:<module>:34 - DataLoader initialized successfully. Proteins: 27768, GO Terms: 9594, Edges: 498731
2025-05-20 19:32:49.912 | INFO     | src.app:display_page:71 - Navigating to: /
2025-05-20 19:33:31.503 | INFO     | src.app:display_page:71 - Navigating to: /about
2025-05-20 19:33:36.491 | INFO     | src.app:display_page:71 - Navigating to: /
2025-05-20 19:33:37.364 | INFO     | src.app:display_page:71 - Navigating to: /search
2025-05-20 19:33:38.856 | INFO     | src.app:display_page:71 - Navigating to: /
2025-05-20 19:33:39.297 | INFO     | src.app:display_page:71 - Navigating to: /search
2025-05-20 19:33:40.641 | INFO     | src.app:display_page:71 - Navigating to: /
2025-05-20 19:33:40.975 | INFO     | src.app:display_page:71 - Navigating to: /search
2025-05-20 19:33:42.385 | INFO     | src.app:display_page:71 - Navigating to: /
2025-05-20 19:38:02.754 | INFO     | src.app:perform_search:116 - Performing search: VILIP-2 (type: protein)
2025-05-20 19:41:56.657 | INFO     | src.app:display_page:71 - Navigating to: /about
2025-05-20 19:43:42.806 | INFO     | src.app:display_page:71 - Navigating to: /
2025-05-20 19:46:40.823 | INFO     | src.app:display_page:71 - Navigating to: /about
2025-05-20 19:46:44.269 | INFO     | src.app:display_page:71 - Navigating to: /
2025-05-20 19:46:48.241 | INFO     | src.app:perform_search:116 - Performing search: sffyjar (type: protein)
2025-05-20 20:12:22.506 | INFO     | src.app:<module>:31 - Initializing DataLoader...
2025-05-20 20:12:37.527 | INFO     | src.app:<module>:34 - DataLoader initialized successfully. Proteins: 27768, GO Terms: 9594, Edges: 498731
2025-05-20 20:12:44.519 | INFO     | src.app:display_page:71 - Navigating to: /
2025-05-20 20:12:48.016 | INFO     | src.app:perform_search:116 - Performing search: edb7a0a0-b7d6-5f2d-b2eb-8f91f17aa5ca (type: protein)
2025-05-21 10:04:50.018 | INFO     | src.app:<module>:31 - Initializing DataLoader...
2025-05-21 10:04:55.317 | INFO     | src.app:<module>:34 - DataLoader initialized successfully. Proteins: 27768, GO Terms: 9594, Edges: 498731
2025-05-21 10:05:01.811 | INFO     | src.app:display_page:71 - Navigating to: /
2025-05-21 10:06:06.401 | INFO     | src.app:perform_search:116 - Performing search: sfgjf (type: protein)
2025-05-21 11:40:18.780 | INFO     | src.app:<module>:31 - Initializing DataLoader...
2025-05-21 11:40:24.230 | INFO     | src.app:<module>:34 - DataLoader initialized successfully. Proteins: 27768, GO Terms: 9594, Edges: 498731
2025-05-21 13:03:07.130 | INFO     | src.app:<module>:31 - Initializing DataLoader...
2025-05-21 13:03:11.946 | INFO     | src.app:<module>:34 - DataLoader initialized successfully. Proteins: 27768, GO Terms: 9594, Edges: 498731
2025-05-21 13:03:23.709 | INFO     | src.app:display_page:71 - Navigating to: /
2025-05-21 13:05:15.413 | INFO     | src.app:display_page:71 - Navigating to: /
2025-05-21 13:05:27.291 | INFO     | src.app:<module>:31 - Initializing DataLoader...
2025-05-21 13:05:31.320 | INFO     | src.app:<module>:34 - DataLoader initialized successfully. Proteins: 27768, GO Terms: 9594, Edges: 498731
2025-05-21 13:05:48.943 | INFO     | src.app:display_page:71 - Navigating to: /
2025-05-21 13:21:23.037 | INFO     | src.app:<module>:31 - Initializing DataLoader...
2025-05-21 13:21:28.103 | INFO     | src.app:<module>:34 - DataLoader initialized successfully. Proteins: 27768, GO Terms: 9594, Edges: 498731
2025-05-21 13:21:52.752 | INFO     | src.app:display_page:71 - Navigating to: /
2025-05-21 13:22:51.122 | INFO     | src.app:perform_search:116 - Performing search: rsgnjter (type: protein)
2025-05-21 13:22:54.866 | INFO     | src.app:perform_search:116 - Performing search: ATG (type: protein)
2025-05-21 13:22:54.872 | INFO     | src.app:perform_search:124 - Found 5 proteins
2025-05-21 13:22:55.576 | INFO     | src.app:view_protein_details:233 - Loading details for protein: UNIPROT_ACCESSION:A0A1P8ATG9
2025-05-21 13:22:55.779 | INFO     | src.app:display_page:71 - Navigating to: /protein
2025-05-21 13:24:09.393 | INFO     | src.app:display_page:71 - Navigating to: /
2025-05-21 13:24:12.331 | INFO     | src.app:perform_search:116 - Performing search: GO:0004725 (type: protein)
2025-05-21 13:24:45.618 | INFO     | src.app:perform_search:116 - Performing search: GO:0004725 (type: go_term)
2025-05-21 13:24:45.750 | INFO     | src.app:perform_search:164 - Found 32 proteins for GO term
2025-05-21 13:24:45.790 | INFO     | src.app:view_protein_details:233 - Loading details for protein: Protein::0625e429-5d38-59b7-a123-eb369af41212
2025-05-21 13:24:46.141 | INFO     | src.app:display_page:71 - Navigating to: /protein
2025-05-21 14:14:02.516 | INFO     | src.app:<module>:31 - Initializing DataLoader...
2025-05-21 14:14:10.597 | INFO     | src.app:<module>:34 - DataLoader initialized successfully. Proteins: 27768, GO Terms: 9594, Edges: 498731
2025-05-21 14:15:11.772 | INFO     | src.app:display_page:71 - Navigating to: /protein
2025-05-21 14:15:37.267 | INFO     | src.app:display_page:71 - Navigating to: /
2025-05-21 14:15:41.681 | INFO     | src.app:perform_search:116 - Performing search: AT3G10940.1 (type: protein)
2025-05-21 14:15:41.682 | INFO     | src.app:perform_search:124 - Found 1 proteins
2025-05-21 14:15:42.057 | INFO     | src.app:view_protein_details:233 - Loading details for protein: Protein::0625e429-5d38-59b7-a123-eb369af41212
2025-05-21 14:15:42.397 | INFO     | src.app:display_page:71 - Navigating to: /protein
2025-05-21 14:15:58.311 | INFO     | src.app:display_page:71 - Navigating to: /
2025-05-21 14:16:01.902 | INFO     | src.app:perform_search:116 - Performing search: AT4G17090.1 (type: protein)
2025-05-21 14:16:01.902 | INFO     | src.app:perform_search:124 - Found 1 proteins
2025-05-21 14:16:02.201 | INFO     | src.app:view_protein_details:233 - Loading details for protein: Protein::2137b991-d240-5d9a-9d8a-444a60ccb6a6
2025-05-21 14:16:02.523 | INFO     | src.app:display_page:71 - Navigating to: /protein
2025-05-21 14:16:16.716 | INFO     | src.app:display_page:71 - Navigating to: /
2025-05-21 14:16:20.560 | INFO     | src.app:display_page:71 - Navigating to: /search
